[2024-07-10 11:17:25.679]  INFO 13190 --- [kground-preinit] o.h.v.i.u.Version                        : HV000001: Hibernate Validator 8.0.1.Final
[2024-07-10 11:17:25.700]  INFO 13190 --- [           main] k.c.s.SpringbootWasBaseInitApplication   : Starting SpringbootWasBaseInitApplication using Java 21.0.2 with PID 13190 (/Users/seoseunghwan/dev/git/springboot-was-base/build/classes/java/main started by seoseunghwan in /Users/seoseunghwan/dev/git/springboot-was-base)
[2024-07-10 11:17:25.702]  INFO 13190 --- [           main] k.c.s.SpringbootWasBaseInitApplication   : The following 1 profile is active: "local"
[2024-07-10 11:17:25.889]  INFO 13190 --- [           main] .s.b.d.c.l.DockerComposeLifecycleManager : Using Docker Compose file '/Users/seoseunghwan/dev/git/springboot-was-base/build/resources/main/docker/springboot-was-base/docker-compose-local.yml'
[2024-07-10 11:17:26.722]  INFO 13190 --- [utReader-stderr] o.s.b.d.c.c.DockerCli                    :  Container springboot-was-base-postgres-1  Created
[2024-07-10 11:17:26.723]  INFO 13190 --- [utReader-stderr] o.s.b.d.c.c.DockerCli                    :  Container springboot-was-base-redis-1  Created
[2024-07-10 11:17:26.725]  INFO 13190 --- [utReader-stderr] o.s.b.d.c.c.DockerCli                    :  Container springboot-was-base-redis-1  Starting
[2024-07-10 11:17:26.725]  INFO 13190 --- [utReader-stderr] o.s.b.d.c.c.DockerCli                    :  Container springboot-was-base-postgres-1  Starting
[2024-07-10 11:17:27.112]  INFO 13190 --- [utReader-stderr] o.s.b.d.c.c.DockerCli                    :  Container springboot-was-base-postgres-1  Started
[2024-07-10 11:17:27.112]  INFO 13190 --- [utReader-stderr] o.s.b.d.c.c.DockerCli                    :  Container springboot-was-base-redis-1  Started
[2024-07-10 11:17:27.113]  INFO 13190 --- [utReader-stderr] o.s.b.d.c.c.DockerCli                    :  Container springboot-was-base-postgres-1  Waiting
[2024-07-10 11:17:27.113]  INFO 13190 --- [utReader-stderr] o.s.b.d.c.c.DockerCli                    :  Container springboot-was-base-redis-1  Waiting
[2024-07-10 11:17:27.622]  INFO 13190 --- [utReader-stderr] o.s.b.d.c.c.DockerCli                    :  Container springboot-was-base-redis-1  Healthy
[2024-07-10 11:17:27.623]  INFO 13190 --- [utReader-stderr] o.s.b.d.c.c.DockerCli                    :  Container springboot-was-base-postgres-1  Healthy
[2024-07-10 11:17:28.677]  INFO 13190 --- [           main] .s.d.r.c.RepositoryConfigurationDelegate : Multiple Spring Data modules found, entering strict repository configuration mode
[2024-07-10 11:17:28.678]  INFO 13190 --- [           main] .s.d.r.c.RepositoryConfigurationDelegate : Bootstrapping Spring Data Redis repositories in DEFAULT mode.
[2024-07-10 11:17:28.689]  INFO 13190 --- [           main] .s.d.r.c.RepositoryConfigurationDelegate : Finished Spring Data repository scanning in 3 ms. Found 0 Redis repository interfaces.
[2024-07-10 11:17:28.896]  INFO 13190 --- [           main] .s.d.r.c.RepositoryConfigurationDelegate : Multiple Spring Data modules found, entering strict repository configuration mode
[2024-07-10 11:17:28.896]  INFO 13190 --- [           main] .s.d.r.c.RepositoryConfigurationDelegate : Bootstrapping Spring Data JDBC repositories in DEFAULT mode.
[2024-07-10 11:17:28.904]  INFO 13190 --- [           main] .s.d.r.c.RepositoryConfigurationDelegate : Finished Spring Data repository scanning in 8 ms. Found 0 JDBC repository interfaces.
[2024-07-10 11:17:28.909]  INFO 13190 --- [           main] .s.d.r.c.RepositoryConfigurationDelegate : Multiple Spring Data modules found, entering strict repository configuration mode
[2024-07-10 11:17:28.909]  INFO 13190 --- [           main] .s.d.r.c.RepositoryConfigurationDelegate : Bootstrapping Spring Data Redis repositories in DEFAULT mode.
[2024-07-10 11:17:28.911]  INFO 13190 --- [           main] .s.d.r.c.RepositoryConfigurationDelegate : Finished Spring Data repository scanning in 1 ms. Found 0 Redis repository interfaces.
[2024-07-10 11:17:29.452]  INFO 13190 --- [           main] o.s.b.w.e.t.TomcatWebServer              : Tomcat initialized with port 8080 (http)
[2024-07-10 11:17:29.465]  INFO 13190 --- [           main] o.a.c.h.Http11NioProtocol                : Initializing ProtocolHandler ["http-nio-8080"]
[2024-07-10 11:17:29.466]  INFO 13190 --- [           main] o.a.c.c.StandardService                  : Starting service [Tomcat]
[2024-07-10 11:17:29.466]  INFO 13190 --- [           main] o.a.c.c.StandardEngine                   : Starting Servlet engine: [Apache Tomcat/10.1.25]
[2024-07-10 11:17:29.495]  INFO 13190 --- [           main] o.a.c.c.C.[.[.[/]                        : Initializing Spring embedded WebApplicationContext
[2024-07-10 11:17:29.496]  INFO 13190 --- [           main] w.s.c.ServletWebServerApplicationContext : Root WebApplicationContext: initialization completed in 1233 ms
[2024-07-10 11:17:30.184]  INFO 13190 --- [           main] c.z.h.HikariDataSource                   : HikariPool-1 - Starting...
[2024-07-10 11:17:30.297]  INFO 13190 --- [           main] c.z.h.p.HikariPool                       : HikariPool-1 - Added connection org.postgresql.jdbc.PgConnection@580154b3
[2024-07-10 11:17:30.298]  INFO 13190 --- [           main] c.z.h.HikariDataSource                   : HikariPool-1 - Start completed.
[2024-07-10 11:17:30.359]  INFO 13190 --- [           main] o.s.b.a.e.w.EndpointLinksResolver        : Exposing 1 endpoint beneath base path '/actuator'
[2024-07-10 11:17:30.404]  INFO 13190 --- [           main] o.a.c.h.Http11NioProtocol                : Starting ProtocolHandler ["http-nio-8080"]
[2024-07-10 11:17:30.415]  INFO 13190 --- [           main] o.s.b.w.e.t.TomcatWebServer              : Tomcat started on port 8080 (http) with context path '/'
[2024-07-10 11:17:30.430]  INFO 13190 --- [           main] k.c.s.SpringbootWasBaseInitApplication   : Started SpringbootWasBaseInitApplication in 5.136 seconds (process running for 6.024)
[2024-07-10 11:17:30.864]  INFO 13190 --- [on(2)-127.0.0.1] o.a.c.c.C.[.[.[/]                        : Initializing Spring DispatcherServlet 'dispatcherServlet'
[2024-07-10 11:17:30.865]  INFO 13190 --- [on(2)-127.0.0.1] o.s.w.s.DispatcherServlet                : Initializing Servlet 'dispatcherServlet'
[2024-07-10 11:17:30.867]  INFO 13190 --- [on(2)-127.0.0.1] o.s.w.s.DispatcherServlet                : Completed initialization in 1 ms
